


ARM Macro Assembler    Page 1 


    1 00000000         ;******************** (C) COPYRIGHT 2015 STMicroelectron
                       ics ********************
    2 00000000         ;* File Name          : startup_stm32f30x.s
    3 00000000         ;* Author             : MCD Application Team
    4 00000000         ;* Version            : V1.2.2
    5 00000000         ;* Date               : 27-February-2015
    6 00000000         ;* Description        : STM32F30x devices vector table f
                       or MDK-ARM toolchain. 
    7 00000000         ;*                      This module performs:
    8 00000000         ;*                      - Set the initial SP
    9 00000000         ;*                      - Set the initial PC == Reset_Ha
                       ndler
   10 00000000         ;*                      - Set the vector table entries w
                       ith the exceptions ISR address
   11 00000000         ;*                      - Branches to __main in the C li
                       brary (which eventually
   12 00000000         ;*                        calls main()).
   13 00000000         ;*                      After Reset the CortexM4 process
                       or is in Thread mode,
   14 00000000         ;*                      priority is Privileged, and the 
                       Stack is set to Main.
   15 00000000         ;* <<< Use Configuration Wizard in Context Menu >>>   
   16 00000000         ;*******************************************************
                       ************************
   17 00000000         ; 
   18 00000000         ; Licensed under MCD-ST Liberty SW License Agreement V2,
                        (the "License");
   19 00000000         ; You may not use this file except in compliance with th
                       e License.
   20 00000000         ; You may obtain a copy of the License at:
   21 00000000         ; 
   22 00000000         ;        http://www.st.com/software_license_agreement_li
                       berty_v2
   23 00000000         ; 
   24 00000000         ; Unless required by applicable law or agreed to in writ
                       ing, software 
   25 00000000         ; distributed under the License is distributed on an "AS
                        IS" BASIS, 
   26 00000000         ; WITHOUT WARRANTIES OR CONDITIONS OF ANY KIND, either e
                       xpress or implied.
   27 00000000         ; See the License for the specific language governing pe
                       rmissions and
   28 00000000         ; limitations under the License.
   29 00000000         ; 
   30 00000000         ;*******************************************************
                       ************************
   31 00000000         
   32 00000000         ; Amount of memory (in bytes) allocated for Stack
   33 00000000         ; Tailor this value to your application needs
   34 00000000         ; <h> Stack Configuration
   35 00000000         ;   <o> Stack Size (in Bytes) <0x0-0xFFFFFFFF:8>
   36 00000000         ; </h>
   37 00000000         
   38 00000000 00000C00 
                       Stack_Size
                               EQU              0x00000C00
   39 00000000         
   40 00000000                 AREA             STACK, NOINIT, READWRITE, ALIGN
=3



ARM Macro Assembler    Page 2 


   41 00000000         Stack_Mem
                               SPACE            Stack_Size
   42 00000C00         __initial_sp
   43 00000C00         
   44 00000C00         
   45 00000C00         ; <h> Heap Configuration
   46 00000C00         ;   <o>  Heap Size (in Bytes) <0x0-0xFFFFFFFF:8>
   47 00000C00         ; </h>
   48 00000C00         
   49 00000C00 00000C00 
                       Heap_Size
                               EQU              0x00000C00
   50 00000C00         
   51 00000C00                 AREA             HEAP, NOINIT, READWRITE, ALIGN=
3
   52 00000000         __heap_base
   53 00000000         Heap_Mem
                               SPACE            Heap_Size
   54 00000C00         __heap_limit
   55 00000C00         
   56 00000C00                 PRESERVE8
   57 00000C00                 THUMB
   58 00000C00         
   59 00000C00         
   60 00000C00         ; Vector Table Mapped to Address 0 at Reset
   61 00000C00                 AREA             RESET, DATA, READONLY
   62 00000000                 EXPORT           __Vectors
   63 00000000                 EXPORT           __Vectors_End
   64 00000000                 EXPORT           __Vectors_Size
   65 00000000         
   66 00000000 00000000 
                       __Vectors
                               DCD              __initial_sp ; Top of Stack
   67 00000004 00000000        DCD              Reset_Handler ; Reset Handler
   68 00000008 00000000        DCD              NMI_Handler ; NMI Handler
   69 0000000C 00000000        DCD              HardFault_Handler ; Hard Fault 
                                                            Handler
   70 00000010 00000000        DCD              MemManage_Handler 
                                                            ; MPU Fault Handler
                                                            
   71 00000014 00000000        DCD              BusFault_Handler 
                                                            ; Bus Fault Handler
                                                            
   72 00000018 00000000        DCD              UsageFault_Handler ; Usage Faul
                                                            t Handler
   73 0000001C 00000000        DCD              0           ; Reserved
   74 00000020 00000000        DCD              0           ; Reserved
   75 00000024 00000000        DCD              0           ; Reserved
   76 00000028 00000000        DCD              0           ; Reserved
   77 0000002C 00000000        DCD              SVC_Handler ; SVCall Handler
   78 00000030 00000000        DCD              DebugMon_Handler ; Debug Monito
                                                            r Handler
   79 00000034 00000000        DCD              0           ; Reserved
   80 00000038 00000000        DCD              PendSV_Handler ; PendSV Handler
                                                            
   81 0000003C 00000000        DCD              SysTick_Handler 
                                                            ; SysTick Handler
   82 00000040         
   83 00000040         ; External Interrupts



ARM Macro Assembler    Page 3 


   84 00000040 00000000        DCD              WWDG_IRQHandler ; Window WatchD
                                                            og                 
                                                                               
                                                                
   85 00000044 00000000        DCD              PVD_IRQHandler ; PVD through EX
                                                            TI Line detection  
                                                                               
                                                               
   86 00000048 00000000        DCD              TAMPER_STAMP_IRQHandler ; Tampe
                                                            r and TimeStamps th
                                                            rough the EXTI line
                                                                        
   87 0000004C 00000000        DCD              RTC_WKUP_IRQHandler ; RTC Wakeu
                                                            p through the EXTI 
                                                            line               
                                                                    
   88 00000050 00000000        DCD              FLASH_IRQHandler ; FLASH       
                                                                               
                                                                             
   89 00000054 00000000        DCD              RCC_IRQHandler ; RCC           
                                                                               
                                                                           
   90 00000058 00000000        DCD              EXTI0_IRQHandler ; EXTI Line0  
                                                                               
                                                                               
                                                                 
   91 0000005C 00000000        DCD              EXTI1_IRQHandler ; EXTI Line1  
                                                                               
                                                                               
                                                                 
   92 00000060 00000000        DCD              EXTI2_TS_IRQHandler ; EXTI Line
                                                            2 and Touch        
                                                                               
                                                                              
   93 00000064 00000000        DCD              EXTI3_IRQHandler ; EXTI Line3  
                                                                               
                                                                               
                                                                 
   94 00000068 00000000        DCD              EXTI4_IRQHandler ; EXTI Line4  
                                                                               
                                                                               
                                                                 
   95 0000006C 00000000        DCD              DMA1_Channel1_IRQHandler ; DMA1
                                                             Channel 1         
                                                                               
                                                                   
   96 00000070 00000000        DCD              DMA1_Channel2_IRQHandler ; DMA1
                                                             Channel 2         
                                                                               
                                                                   
   97 00000074 00000000        DCD              DMA1_Channel3_IRQHandler ; DMA1
                                                             Channel 3         
                                                                               
                                                                   
   98 00000078 00000000        DCD              DMA1_Channel4_IRQHandler ; DMA1
                                                             Channel 4         
                                                                               
                                                                   
   99 0000007C 00000000        DCD              DMA1_Channel5_IRQHandler ; DMA1



ARM Macro Assembler    Page 4 


                                                             Channel 5         
                                                                               
                                                                   
  100 00000080 00000000        DCD              DMA1_Channel6_IRQHandler ; DMA1
                                                             Channel 6         
                                                                               
                                                                   
  101 00000084 00000000        DCD              DMA1_Channel7_IRQHandler ; DMA1
                                                             Channel 7         
                                                                               
                                                                   
  102 00000088 00000000        DCD              ADC1_2_IRQHandler ; ADC1 and AD
                                                            C2                 
                                                                       
  103 0000008C 00000000        DCD              USB_HP_CAN1_TX_IRQHandler ; USB
                                                             Device High Priori
                                                            ty or CAN1 TX 
  104 00000090 00000000        DCD              USB_LP_CAN1_RX0_IRQHandler ; US
                                                            B Device Low Priori
                                                            ty or CAN1 RX0 
  105 00000094 00000000        DCD              CAN1_RX1_IRQHandler ; CAN1 RX1 
                                                                               
                                                                               
                                                                    
  106 00000098 00000000        DCD              CAN1_SCE_IRQHandler ; CAN1 SCE 
                                                                               
                                                                               
                                                                    
  107 0000009C 00000000        DCD              EXTI9_5_IRQHandler ; External L
                                                            ine[9:5]s          
                                                                               
                                                                   
  108 000000A0 00000000        DCD              TIM1_BRK_TIM15_IRQHandler ; TIM
                                                            1 Break and TIM15  
                                                                             
  109 000000A4 00000000        DCD              TIM1_UP_TIM16_IRQHandler ; TIM1
                                                             Update and TIM16  
                                                                           
  110 000000A8 00000000        DCD              TIM1_TRG_COM_TIM17_IRQHandler ;
                                                             TIM1 Trigger and C
                                                            ommutation and TIM1
                                                            7
  111 000000AC 00000000        DCD              TIM1_CC_IRQHandler ; TIM1 Captu
                                                            re Compare         
                                                                               
                                                                   
  112 000000B0 00000000        DCD              TIM2_IRQHandler ; TIM2         
                                                                               
                                                                            
  113 000000B4 00000000        DCD              TIM3_IRQHandler ; TIM3         
                                                                               
                                                                            
  114 000000B8 00000000        DCD              TIM4_IRQHandler ; TIM4         
                                                                               
                                                                            
  115 000000BC 00000000        DCD              I2C1_EV_IRQHandler ; I2C1 Event
                                                                               
                                                                               
                                                                   



ARM Macro Assembler    Page 5 


  116 000000C0 00000000        DCD              I2C1_ER_IRQHandler ; I2C1 Error
                                                                               
                                                                               
                                                                   
  117 000000C4 00000000        DCD              I2C2_EV_IRQHandler ; I2C2 Event
                                                                               
                                                                               
                                                                   
  118 000000C8 00000000        DCD              I2C2_ER_IRQHandler ; I2C2 Error
                                                                               
                                                                               
                                                                     
  119 000000CC 00000000        DCD              SPI1_IRQHandler ; SPI1         
                                                                               
                                                                            
  120 000000D0 00000000        DCD              SPI2_IRQHandler ; SPI2         
                                                                               
                                                                            
  121 000000D4 00000000        DCD              USART1_IRQHandler ; USART1     
                                                                               
                                                                              
  122 000000D8 00000000        DCD              USART2_IRQHandler ; USART2     
                                                                               
                                                                              
  123 000000DC 00000000        DCD              USART3_IRQHandler ; USART3     
                                                                               
                                                                              
  124 000000E0 00000000        DCD              EXTI15_10_IRQHandler ; External
                                                             Line[15:10]s      
                                                                               
                                                                     
  125 000000E4 00000000        DCD              RTC_Alarm_IRQHandler ; RTC Alar
                                                            m (A and B) through
                                                             EXTI Line         
                                                                     
  126 000000E8 00000000        DCD              USBWakeUp_IRQHandler ; USB Wake
                                                            up through EXTI lin
                                                            e                  
                                                                  
  127 000000EC 00000000        DCD              TIM8_BRK_IRQHandler ; TIM8 Brea
                                                            k                  
                                                            
  128 000000F0 00000000        DCD              TIM8_UP_IRQHandler ; TIM8 Updat
                                                            e                
  129 000000F4 00000000        DCD              TIM8_TRG_COM_IRQHandler ; TIM8 
                                                            Trigger and Commuta
                                                            tion
  130 000000F8 00000000        DCD              TIM8_CC_IRQHandler ; TIM8 Captu
                                                            re Compare         
                                                                               
                                                                   
  131 000000FC 00000000        DCD              ADC3_IRQHandler ; ADC3         
                                                                               
                                                                           
  132 00000100 00000000        DCD              0           ; Reserved         
                                                                               
                                                                            
  133 00000104 00000000        DCD              0           ; Reserved         
                                                                               



ARM Macro Assembler    Page 6 


                                                                            
  134 00000108 00000000        DCD              0           ; Reserved         
                                                                               
                                                                            
  135 0000010C 00000000        DCD              SPI3_IRQHandler ; SPI3         
                                                                               
                                                                            
  136 00000110 00000000        DCD              UART4_IRQHandler ; UART4       
                                                                               
                                                                             
  137 00000114 00000000        DCD              UART5_IRQHandler ; UART5       
                                                                               
                                                                             
  138 00000118 00000000        DCD              TIM6_DAC_IRQHandler ; TIM6 and 
                                                            DAC1&2 underrun err
                                                            ors                
                                                               
  139 0000011C 00000000        DCD              TIM7_IRQHandler ; TIM7         
                                                                      
  140 00000120 00000000        DCD              DMA2_Channel1_IRQHandler ; DMA2
                                                             Channel 1         
                                                                               
                                                                   
  141 00000124 00000000        DCD              DMA2_Channel2_IRQHandler ; DMA2
                                                             Channel 2         
                                                                               
                                                                   
  142 00000128 00000000        DCD              DMA2_Channel3_IRQHandler ; DMA2
                                                             Channel 3         
                                                                               
                                                                   
  143 0000012C 00000000        DCD              DMA2_Channel4_IRQHandler ; DMA2
                                                             Channel 4         
                                                                               
                                                                   
  144 00000130 00000000        DCD              DMA2_Channel5_IRQHandler ; DMA2
                                                             Channel 5         
                                                                               
                                                                   
  145 00000134 00000000        DCD              ADC4_IRQHandler ; ADC4         
                                                                               
                                                                        
  146 00000138 00000000        DCD              0           ; Reserved         
                                                                         
  147 0000013C 00000000        DCD              0           ; Reserved         
                                                                               
                                                                               
                                                            
  148 00000140 00000000        DCD              COMP1_2_3_IRQHandler ; COMP1, C
                                                            OMP2 and COMP3     
                                                                               
                                                                               
                                                                
  149 00000144 00000000        DCD              COMP4_5_6_IRQHandler ; COMP4, C
                                                            OMP5 and COMP6     
                                                                               
                                                                               
                                                               
  150 00000148 00000000        DCD              COMP7_IRQHandler ; COMP7       



ARM Macro Assembler    Page 7 


                                                                               
                                                                               
                                                              
  151 0000014C 00000000        DCD              0           ; Reserved         
                                                                               
                                                                      
  152 00000150 00000000        DCD              0           ; Reserved         
                                                                               
                                                                   
  153 00000154 00000000        DCD              0           ; Reserved         
                                                                               
                                                                   
  154 00000158 00000000        DCD              0           ; Reserved         
                                                                               
                                                                   
  155 0000015C 00000000        DCD              0           ; Reserved         
                                                                               
                                                                           
  156 00000160 00000000        DCD              0           ; Reserved         
                                                                               
                                                                             
  157 00000164 00000000        DCD              0           ; Reserved         
                                                                               
                                                                             
  158 00000168 00000000        DCD              USB_HP_IRQHandler ; USB High Pr
                                                            iority remap       
                                                                             
  159 0000016C 00000000        DCD              USB_LP_IRQHandler ; USB Low Pri
                                                            ority remap        
                                                                         
  160 00000170 00000000        DCD              USBWakeUp_RMP_IRQHandler ; USB 
                                                            Wakeup remap throug
                                                            h EXTI             
                                                                        
  161 00000174 00000000        DCD              0           ; Reserved         
                                                                               
                                                                       
  162 00000178 00000000        DCD              0           ; Reserved         
                                                                               
                                                                        
  163 0000017C 00000000        DCD              0           ; Reserved         
                                                                               
                                                                      
  164 00000180 00000000        DCD              0           ; Reserved 
  165 00000184 00000000        DCD              FPU_IRQHandler ; FPU
  166 00000188         
  167 00000188         __Vectors_End
  168 00000188         
  169 00000188 00000188 
                       __Vectors_Size
                               EQU              __Vectors_End - __Vectors
  170 00000188         
  171 00000188                 AREA             |.text|, CODE, READONLY
  172 00000000         
  173 00000000         ; Reset handler
  174 00000000         Reset_Handler
                               PROC
  175 00000000                 EXPORT           Reset_Handler             [WEAK
]



ARM Macro Assembler    Page 8 


  176 00000000         ;IMPORT  SystemInit
  177 00000000                 IMPORT           __main
  178 00000000 480B            LDR              R0, =0xE000ED88 ; ‰ΩøËÉΩÊµÆÁÇπË
                                                            øêÁÆóÔºå CP10,CP11
  179 00000002 6801            LDR              R1,[R0]
  180 00000004 F441 0170       ORR              R1,R1,#(0xF << 20)
  181 00000008 6001            STR              R1,[R0]
  182 0000000A         ;LDR     R0, =SystemInit
  183 0000000A         ;BLX     R0
  184 0000000A 480A            LDR              R0, =__main
  185 0000000C 4700            BX               R0
  186 0000000E                 ENDP
  187 0000000E         
  188 0000000E         ; Dummy Exception Handlers (infinite loops which can be 
                       modified)
  189 0000000E         
  190 0000000E         NMI_Handler
                               PROC
  191 0000000E                 EXPORT           NMI_Handler                [WEA
K]
  192 0000000E E7FE            B                .
  193 00000010                 ENDP
  195 00000010         HardFault_Handler
                               PROC
  196 00000010                 EXPORT           HardFault_Handler          [WEA
K]
  197 00000010 E7FE            B                .
  198 00000012                 ENDP
  200 00000012         MemManage_Handler
                               PROC
  201 00000012                 EXPORT           MemManage_Handler          [WEA
K]
  202 00000012 E7FE            B                .
  203 00000014                 ENDP
  205 00000014         BusFault_Handler
                               PROC
  206 00000014                 EXPORT           BusFault_Handler           [WEA
K]
  207 00000014 E7FE            B                .
  208 00000016                 ENDP
  210 00000016         UsageFault_Handler
                               PROC
  211 00000016                 EXPORT           UsageFault_Handler         [WEA
K]
  212 00000016 E7FE            B                .
  213 00000018                 ENDP
  214 00000018         SVC_Handler
                               PROC
  215 00000018                 EXPORT           SVC_Handler                [WEA
K]
  216 00000018 E7FE            B                .
  217 0000001A                 ENDP
  219 0000001A         DebugMon_Handler
                               PROC
  220 0000001A                 EXPORT           DebugMon_Handler           [WEA
K]
  221 0000001A E7FE            B                .
  222 0000001C                 ENDP
  223 0000001C         PendSV_Handler



ARM Macro Assembler    Page 9 


                               PROC
  224 0000001C                 EXPORT           PendSV_Handler             [WEA
K]
  225 0000001C E7FE            B                .
  226 0000001E                 ENDP
  227 0000001E         SysTick_Handler
                               PROC
  228 0000001E                 EXPORT           SysTick_Handler            [WEA
K]
  229 0000001E E7FE            B                .
  230 00000020                 ENDP
  231 00000020         
  232 00000020         Default_Handler
                               PROC
  233 00000020         
  234 00000020                 EXPORT           WWDG_IRQHandler                
   [WEAK]
  235 00000020                 EXPORT           PVD_IRQHandler                 
   [WEAK]
  236 00000020                 EXPORT           TAMPER_STAMP_IRQHandler        
     [WEAK]
  237 00000020                 EXPORT           RTC_WKUP_IRQHandler            
   [WEAK]
  238 00000020                 EXPORT           FLASH_IRQHandler               
   [WEAK]
  239 00000020                 EXPORT           RCC_IRQHandler                 
   [WEAK]
  240 00000020                 EXPORT           EXTI0_IRQHandler               
   [WEAK]
  241 00000020                 EXPORT           EXTI1_IRQHandler               
   [WEAK]
  242 00000020                 EXPORT           EXTI2_TS_IRQHandler            
      [WEAK]
  243 00000020                 EXPORT           EXTI3_IRQHandler               
   [WEAK]
  244 00000020                 EXPORT           EXTI4_IRQHandler               
   [WEAK]
  245 00000020                 EXPORT           DMA1_Channel1_IRQHandler       
   [WEAK]
  246 00000020                 EXPORT           DMA1_Channel2_IRQHandler       
   [WEAK]
  247 00000020                 EXPORT           DMA1_Channel3_IRQHandler       
   [WEAK]
  248 00000020                 EXPORT           DMA1_Channel4_IRQHandler       
   [WEAK]
  249 00000020                 EXPORT           DMA1_Channel5_IRQHandler       
   [WEAK]
  250 00000020                 EXPORT           DMA1_Channel6_IRQHandler       
   [WEAK]
  251 00000020                 EXPORT           DMA1_Channel7_IRQHandler       
   [WEAK]
  252 00000020                 EXPORT           ADC1_2_IRQHandler              
   [WEAK]
  253 00000020                 EXPORT           USB_HP_CAN1_TX_IRQHandler      
   [WEAK]
  254 00000020                 EXPORT           USB_LP_CAN1_RX0_IRQHandler     
   [WEAK]
  255 00000020                 EXPORT           CAN1_RX1_IRQHandler            
   [WEAK]



ARM Macro Assembler    Page 10 


  256 00000020                 EXPORT           CAN1_SCE_IRQHandler            
   [WEAK]
  257 00000020                 EXPORT           EXTI9_5_IRQHandler             
   [WEAK]
  258 00000020                 EXPORT           TIM1_BRK_TIM15_IRQHandler      
   [WEAK]
  259 00000020                 EXPORT           TIM1_UP_TIM16_IRQHandler       
   [WEAK]
  260 00000020                 EXPORT           TIM1_TRG_COM_TIM17_IRQHandler  
   [WEAK]
  261 00000020                 EXPORT           TIM1_CC_IRQHandler             
   [WEAK]
  262 00000020                 EXPORT           TIM2_IRQHandler                
   [WEAK]
  263 00000020                 EXPORT           TIM3_IRQHandler                
   [WEAK]
  264 00000020                 EXPORT           TIM4_IRQHandler                
   [WEAK]
  265 00000020                 EXPORT           I2C1_EV_IRQHandler             
   [WEAK]
  266 00000020                 EXPORT           I2C1_ER_IRQHandler             
   [WEAK]
  267 00000020                 EXPORT           I2C2_EV_IRQHandler             
   [WEAK]
  268 00000020                 EXPORT           I2C2_ER_IRQHandler             
   [WEAK]
  269 00000020                 EXPORT           SPI1_IRQHandler                
   [WEAK]
  270 00000020                 EXPORT           SPI2_IRQHandler                
   [WEAK]
  271 00000020                 EXPORT           USART1_IRQHandler              
   [WEAK]
  272 00000020                 EXPORT           USART2_IRQHandler              
   [WEAK]
  273 00000020                 EXPORT           USART3_IRQHandler              
   [WEAK]
  274 00000020                 EXPORT           EXTI15_10_IRQHandler           
   [WEAK]
  275 00000020                 EXPORT           RTC_Alarm_IRQHandler           
   [WEAK]
  276 00000020                 EXPORT           USBWakeUp_IRQHandler           
    [WEAK]
  277 00000020                 EXPORT           TIM8_BRK_IRQHandler            
   [WEAK]
  278 00000020                 EXPORT           TIM8_UP_IRQHandler             
   [WEAK]
  279 00000020                 EXPORT           TIM8_TRG_COM_IRQHandler        
   [WEAK]
  280 00000020                 EXPORT           TIM8_CC_IRQHandler             
   [WEAK]
  281 00000020                 EXPORT           ADC3_IRQHandler                
   [WEAK]
  282 00000020                 EXPORT           SPI3_IRQHandler                
   [WEAK]
  283 00000020                 EXPORT           UART4_IRQHandler               
   [WEAK]
  284 00000020                 EXPORT           UART5_IRQHandler               
   [WEAK]
  285 00000020                 EXPORT           TIM6_DAC_IRQHandler            



ARM Macro Assembler    Page 11 


   [WEAK]
  286 00000020                 EXPORT           TIM7_IRQHandler                
   [WEAK]
  287 00000020                 EXPORT           DMA2_Channel1_IRQHandler       
   [WEAK]
  288 00000020                 EXPORT           DMA2_Channel2_IRQHandler       
   [WEAK]
  289 00000020                 EXPORT           DMA2_Channel3_IRQHandler       
   [WEAK]
  290 00000020                 EXPORT           DMA2_Channel4_IRQHandler       
   [WEAK]
  291 00000020                 EXPORT           DMA2_Channel5_IRQHandler       
   [WEAK]
  292 00000020                 EXPORT           ADC4_IRQHandler                
   [WEAK]
  293 00000020                 EXPORT           COMP1_2_3_IRQHandler           
   [WEAK]
  294 00000020                 EXPORT           COMP4_5_6_IRQHandler           
   [WEAK]
  295 00000020                 EXPORT           COMP7_IRQHandler               
   [WEAK]
  296 00000020                 EXPORT           USB_HP_IRQHandler              
   [WEAK]
  297 00000020                 EXPORT           USB_LP_IRQHandler              
   [WEAK]
  298 00000020                 EXPORT           USBWakeUp_RMP_IRQHandler       
       [WEAK]
  299 00000020                 EXPORT           FPU_IRQHandler                 
   [WEAK]
  300 00000020         
  301 00000020         WWDG_IRQHandler
  302 00000020         PVD_IRQHandler
  303 00000020         TAMPER_STAMP_IRQHandler
  304 00000020         RTC_WKUP_IRQHandler
  305 00000020         FLASH_IRQHandler
  306 00000020         RCC_IRQHandler
  307 00000020         EXTI0_IRQHandler
  308 00000020         EXTI1_IRQHandler
  309 00000020         EXTI2_TS_IRQHandler
  310 00000020         EXTI3_IRQHandler
  311 00000020         EXTI4_IRQHandler
  312 00000020         DMA1_Channel1_IRQHandler
  313 00000020         DMA1_Channel2_IRQHandler
  314 00000020         DMA1_Channel3_IRQHandler
  315 00000020         DMA1_Channel4_IRQHandler
  316 00000020         DMA1_Channel5_IRQHandler
  317 00000020         DMA1_Channel6_IRQHandler
  318 00000020         DMA1_Channel7_IRQHandler
  319 00000020         ADC1_2_IRQHandler
  320 00000020         USB_HP_CAN1_TX_IRQHandler
  321 00000020         USB_LP_CAN1_RX0_IRQHandler
  322 00000020         CAN1_RX1_IRQHandler
  323 00000020         CAN1_SCE_IRQHandler
  324 00000020         EXTI9_5_IRQHandler
  325 00000020         TIM1_BRK_TIM15_IRQHandler
  326 00000020         TIM1_UP_TIM16_IRQHandler
  327 00000020         TIM1_TRG_COM_TIM17_IRQHandler
  328 00000020         TIM1_CC_IRQHandler
  329 00000020         TIM2_IRQHandler



ARM Macro Assembler    Page 12 


  330 00000020         TIM3_IRQHandler
  331 00000020         TIM4_IRQHandler
  332 00000020         I2C1_EV_IRQHandler
  333 00000020         I2C1_ER_IRQHandler
  334 00000020         I2C2_EV_IRQHandler
  335 00000020         I2C2_ER_IRQHandler
  336 00000020         SPI1_IRQHandler
  337 00000020         SPI2_IRQHandler
  338 00000020         USART1_IRQHandler
  339 00000020         USART2_IRQHandler
  340 00000020         USART3_IRQHandler
  341 00000020         EXTI15_10_IRQHandler
  342 00000020         RTC_Alarm_IRQHandler
  343 00000020         USBWakeUp_IRQHandler
  344 00000020         TIM8_BRK_IRQHandler
  345 00000020         TIM8_UP_IRQHandler
  346 00000020         TIM8_TRG_COM_IRQHandler
  347 00000020         TIM8_CC_IRQHandler
  348 00000020         ADC3_IRQHandler
  349 00000020         SPI3_IRQHandler
  350 00000020         UART4_IRQHandler
  351 00000020         UART5_IRQHandler
  352 00000020         TIM6_DAC_IRQHandler
  353 00000020         TIM7_IRQHandler
  354 00000020         DMA2_Channel1_IRQHandler
  355 00000020         DMA2_Channel2_IRQHandler
  356 00000020         DMA2_Channel3_IRQHandler
  357 00000020         DMA2_Channel4_IRQHandler
  358 00000020         DMA2_Channel5_IRQHandler
  359 00000020         ADC4_IRQHandler
  360 00000020         COMP1_2_3_IRQHandler
  361 00000020         COMP4_5_6_IRQHandler
  362 00000020         COMP7_IRQHandler
  363 00000020         USB_HP_IRQHandler
  364 00000020         USB_LP_IRQHandler
  365 00000020         USBWakeUp_RMP_IRQHandler
  366 00000020         FPU_IRQHandler
  367 00000020         
  368 00000020 E7FE            B                .
  369 00000022         
  370 00000022                 ENDP
  371 00000022         
  372 00000022 00 00           ALIGN
  373 00000024         
  374 00000024         ;*******************************************************
                       ************************
  375 00000024         ; User Stack and Heap initialization
  376 00000024         ;*******************************************************
                       ************************
  377 00000024                 IF               :DEF:__MICROLIB
  384 00000024         
  385 00000024                 IMPORT           __use_two_region_memory
  386 00000024                 EXPORT           __user_initial_stackheap
  387 00000024         
  388 00000024         __user_initial_stackheap
  389 00000024         
  390 00000024 4804            LDR              R0, =  Heap_Mem
  391 00000026 4905            LDR              R1, =(Stack_Mem + Stack_Size)
  392 00000028 4A05            LDR              R2, = (Heap_Mem +  Heap_Size)



ARM Macro Assembler    Page 13 


  393 0000002A 4B06            LDR              R3, = Stack_Mem
  394 0000002C 4770            BX               LR
  395 0000002E         
  396 0000002E 00 00           ALIGN
  397 00000030         
  398 00000030                 ENDIF
  399 00000030         
  400 00000030                 END
              E000ED88 
              00000000 
              00000000 
              00000C00 
              00000C00 
              00000000 
Command Line: --debug --xref --diag_suppress=9931 --cpu=Cortex-M4.fp --apcs=int
erwork --depend=.\objects\startup_stm32f30x.d -o.\objects\startup_stm32f30x.o -
ID:\WorkSpace\GitWorkSpace\WeightMode_V5\SoftWare\STM32MCU\Debug\firm_wm_00_app
\RTE -IC:\Keil_v5\ARM\PACK\Keil\STM32F3xx_DFP\1.3.0\Device\Include -IC:\Keil_v5
\ARM\CMSIS\Include --predefine="__UVISION_VERSION SETA 516" --predefine="STM32F
303xC SETA 1" --list=.\listings\startup_stm32f30x.lst startup\startup_stm32f30x
.s



ARM Macro Assembler    Page 1 Alphabetic symbol ordering
Relocatable symbols

STACK 00000000

Symbol: STACK
   Definitions
      At line 40 in file startup\startup_stm32f30x.s
   Uses
      None
Comment: STACK unused
Stack_Mem 00000000

Symbol: Stack_Mem
   Definitions
      At line 41 in file startup\startup_stm32f30x.s
   Uses
      At line 391 in file startup\startup_stm32f30x.s
      At line 393 in file startup\startup_stm32f30x.s

__initial_sp 00000C00

Symbol: __initial_sp
   Definitions
      At line 42 in file startup\startup_stm32f30x.s
   Uses
      At line 66 in file startup\startup_stm32f30x.s
Comment: __initial_sp used once
3 symbols



ARM Macro Assembler    Page 1 Alphabetic symbol ordering
Relocatable symbols

HEAP 00000000

Symbol: HEAP
   Definitions
      At line 51 in file startup\startup_stm32f30x.s
   Uses
      None
Comment: HEAP unused
Heap_Mem 00000000

Symbol: Heap_Mem
   Definitions
      At line 53 in file startup\startup_stm32f30x.s
   Uses
      At line 390 in file startup\startup_stm32f30x.s
      At line 392 in file startup\startup_stm32f30x.s

__heap_base 00000000

Symbol: __heap_base
   Definitions
      At line 52 in file startup\startup_stm32f30x.s
   Uses
      None
Comment: __heap_base unused
__heap_limit 00000C00

Symbol: __heap_limit
   Definitions
      At line 54 in file startup\startup_stm32f30x.s
   Uses
      None
Comment: __heap_limit unused
4 symbols



ARM Macro Assembler    Page 1 Alphabetic symbol ordering
Relocatable symbols

RESET 00000000

Symbol: RESET
   Definitions
      At line 61 in file startup\startup_stm32f30x.s
   Uses
      None
Comment: RESET unused
__Vectors 00000000

Symbol: __Vectors
   Definitions
      At line 66 in file startup\startup_stm32f30x.s
   Uses
      At line 62 in file startup\startup_stm32f30x.s
      At line 169 in file startup\startup_stm32f30x.s

__Vectors_End 00000188

Symbol: __Vectors_End
   Definitions
      At line 167 in file startup\startup_stm32f30x.s
   Uses
      At line 63 in file startup\startup_stm32f30x.s
      At line 169 in file startup\startup_stm32f30x.s

3 symbols



ARM Macro Assembler    Page 1 Alphabetic symbol ordering
Relocatable symbols

.text 00000000

Symbol: .text
   Definitions
      At line 171 in file startup\startup_stm32f30x.s
   Uses
      None
Comment: .text unused
ADC1_2_IRQHandler 00000020

Symbol: ADC1_2_IRQHandler
   Definitions
      At line 319 in file startup\startup_stm32f30x.s
   Uses
      At line 102 in file startup\startup_stm32f30x.s
      At line 252 in file startup\startup_stm32f30x.s

ADC3_IRQHandler 00000020

Symbol: ADC3_IRQHandler
   Definitions
      At line 348 in file startup\startup_stm32f30x.s
   Uses
      At line 131 in file startup\startup_stm32f30x.s
      At line 281 in file startup\startup_stm32f30x.s

ADC4_IRQHandler 00000020

Symbol: ADC4_IRQHandler
   Definitions
      At line 359 in file startup\startup_stm32f30x.s
   Uses
      At line 145 in file startup\startup_stm32f30x.s
      At line 292 in file startup\startup_stm32f30x.s

BusFault_Handler 00000014

Symbol: BusFault_Handler
   Definitions
      At line 205 in file startup\startup_stm32f30x.s
   Uses
      At line 71 in file startup\startup_stm32f30x.s
      At line 206 in file startup\startup_stm32f30x.s

CAN1_RX1_IRQHandler 00000020

Symbol: CAN1_RX1_IRQHandler
   Definitions
      At line 322 in file startup\startup_stm32f30x.s
   Uses
      At line 105 in file startup\startup_stm32f30x.s
      At line 255 in file startup\startup_stm32f30x.s

CAN1_SCE_IRQHandler 00000020

Symbol: CAN1_SCE_IRQHandler
   Definitions
      At line 323 in file startup\startup_stm32f30x.s
   Uses



ARM Macro Assembler    Page 2 Alphabetic symbol ordering
Relocatable symbols

      At line 106 in file startup\startup_stm32f30x.s
      At line 256 in file startup\startup_stm32f30x.s

COMP1_2_3_IRQHandler 00000020

Symbol: COMP1_2_3_IRQHandler
   Definitions
      At line 360 in file startup\startup_stm32f30x.s
   Uses
      At line 148 in file startup\startup_stm32f30x.s
      At line 293 in file startup\startup_stm32f30x.s

COMP4_5_6_IRQHandler 00000020

Symbol: COMP4_5_6_IRQHandler
   Definitions
      At line 361 in file startup\startup_stm32f30x.s
   Uses
      At line 149 in file startup\startup_stm32f30x.s
      At line 294 in file startup\startup_stm32f30x.s

COMP7_IRQHandler 00000020

Symbol: COMP7_IRQHandler
   Definitions
      At line 362 in file startup\startup_stm32f30x.s
   Uses
      At line 150 in file startup\startup_stm32f30x.s
      At line 295 in file startup\startup_stm32f30x.s

DMA1_Channel1_IRQHandler 00000020

Symbol: DMA1_Channel1_IRQHandler
   Definitions
      At line 312 in file startup\startup_stm32f30x.s
   Uses
      At line 95 in file startup\startup_stm32f30x.s
      At line 245 in file startup\startup_stm32f30x.s

DMA1_Channel2_IRQHandler 00000020

Symbol: DMA1_Channel2_IRQHandler
   Definitions
      At line 313 in file startup\startup_stm32f30x.s
   Uses
      At line 96 in file startup\startup_stm32f30x.s
      At line 246 in file startup\startup_stm32f30x.s

DMA1_Channel3_IRQHandler 00000020

Symbol: DMA1_Channel3_IRQHandler
   Definitions
      At line 314 in file startup\startup_stm32f30x.s
   Uses
      At line 97 in file startup\startup_stm32f30x.s
      At line 247 in file startup\startup_stm32f30x.s

DMA1_Channel4_IRQHandler 00000020




ARM Macro Assembler    Page 3 Alphabetic symbol ordering
Relocatable symbols

Symbol: DMA1_Channel4_IRQHandler
   Definitions
      At line 315 in file startup\startup_stm32f30x.s
   Uses
      At line 98 in file startup\startup_stm32f30x.s
      At line 248 in file startup\startup_stm32f30x.s

DMA1_Channel5_IRQHandler 00000020

Symbol: DMA1_Channel5_IRQHandler
   Definitions
      At line 316 in file startup\startup_stm32f30x.s
   Uses
      At line 99 in file startup\startup_stm32f30x.s
      At line 249 in file startup\startup_stm32f30x.s

DMA1_Channel6_IRQHandler 00000020

Symbol: DMA1_Channel6_IRQHandler
   Definitions
      At line 317 in file startup\startup_stm32f30x.s
   Uses
      At line 100 in file startup\startup_stm32f30x.s
      At line 250 in file startup\startup_stm32f30x.s

DMA1_Channel7_IRQHandler 00000020

Symbol: DMA1_Channel7_IRQHandler
   Definitions
      At line 318 in file startup\startup_stm32f30x.s
   Uses
      At line 101 in file startup\startup_stm32f30x.s
      At line 251 in file startup\startup_stm32f30x.s

DMA2_Channel1_IRQHandler 00000020

Symbol: DMA2_Channel1_IRQHandler
   Definitions
      At line 354 in file startup\startup_stm32f30x.s
   Uses
      At line 140 in file startup\startup_stm32f30x.s
      At line 287 in file startup\startup_stm32f30x.s

DMA2_Channel2_IRQHandler 00000020

Symbol: DMA2_Channel2_IRQHandler
   Definitions
      At line 355 in file startup\startup_stm32f30x.s
   Uses
      At line 141 in file startup\startup_stm32f30x.s
      At line 288 in file startup\startup_stm32f30x.s

DMA2_Channel3_IRQHandler 00000020

Symbol: DMA2_Channel3_IRQHandler
   Definitions
      At line 356 in file startup\startup_stm32f30x.s
   Uses
      At line 142 in file startup\startup_stm32f30x.s



ARM Macro Assembler    Page 4 Alphabetic symbol ordering
Relocatable symbols

      At line 289 in file startup\startup_stm32f30x.s

DMA2_Channel4_IRQHandler 00000020

Symbol: DMA2_Channel4_IRQHandler
   Definitions
      At line 357 in file startup\startup_stm32f30x.s
   Uses
      At line 143 in file startup\startup_stm32f30x.s
      At line 290 in file startup\startup_stm32f30x.s

DMA2_Channel5_IRQHandler 00000020

Symbol: DMA2_Channel5_IRQHandler
   Definitions
      At line 358 in file startup\startup_stm32f30x.s
   Uses
      At line 144 in file startup\startup_stm32f30x.s
      At line 291 in file startup\startup_stm32f30x.s

DebugMon_Handler 0000001A

Symbol: DebugMon_Handler
   Definitions
      At line 219 in file startup\startup_stm32f30x.s
   Uses
      At line 78 in file startup\startup_stm32f30x.s
      At line 220 in file startup\startup_stm32f30x.s

Default_Handler 00000020

Symbol: Default_Handler
   Definitions
      At line 232 in file startup\startup_stm32f30x.s
   Uses
      None
Comment: Default_Handler unused
EXTI0_IRQHandler 00000020

Symbol: EXTI0_IRQHandler
   Definitions
      At line 307 in file startup\startup_stm32f30x.s
   Uses
      At line 90 in file startup\startup_stm32f30x.s
      At line 240 in file startup\startup_stm32f30x.s

EXTI15_10_IRQHandler 00000020

Symbol: EXTI15_10_IRQHandler
   Definitions
      At line 341 in file startup\startup_stm32f30x.s
   Uses
      At line 124 in file startup\startup_stm32f30x.s
      At line 274 in file startup\startup_stm32f30x.s

EXTI1_IRQHandler 00000020

Symbol: EXTI1_IRQHandler
   Definitions



ARM Macro Assembler    Page 5 Alphabetic symbol ordering
Relocatable symbols

      At line 308 in file startup\startup_stm32f30x.s
   Uses
      At line 91 in file startup\startup_stm32f30x.s
      At line 241 in file startup\startup_stm32f30x.s

EXTI2_TS_IRQHandler 00000020

Symbol: EXTI2_TS_IRQHandler
   Definitions
      At line 309 in file startup\startup_stm32f30x.s
   Uses
      At line 92 in file startup\startup_stm32f30x.s
      At line 242 in file startup\startup_stm32f30x.s

EXTI3_IRQHandler 00000020

Symbol: EXTI3_IRQHandler
   Definitions
      At line 310 in file startup\startup_stm32f30x.s
   Uses
      At line 93 in file startup\startup_stm32f30x.s
      At line 243 in file startup\startup_stm32f30x.s

EXTI4_IRQHandler 00000020

Symbol: EXTI4_IRQHandler
   Definitions
      At line 311 in file startup\startup_stm32f30x.s
   Uses
      At line 94 in file startup\startup_stm32f30x.s
      At line 244 in file startup\startup_stm32f30x.s

EXTI9_5_IRQHandler 00000020

Symbol: EXTI9_5_IRQHandler
   Definitions
      At line 324 in file startup\startup_stm32f30x.s
   Uses
      At line 107 in file startup\startup_stm32f30x.s
      At line 257 in file startup\startup_stm32f30x.s

FLASH_IRQHandler 00000020

Symbol: FLASH_IRQHandler
   Definitions
      At line 305 in file startup\startup_stm32f30x.s
   Uses
      At line 88 in file startup\startup_stm32f30x.s
      At line 238 in file startup\startup_stm32f30x.s

FPU_IRQHandler 00000020

Symbol: FPU_IRQHandler
   Definitions
      At line 366 in file startup\startup_stm32f30x.s
   Uses
      At line 165 in file startup\startup_stm32f30x.s
      At line 299 in file startup\startup_stm32f30x.s




ARM Macro Assembler    Page 6 Alphabetic symbol ordering
Relocatable symbols

HardFault_Handler 00000010

Symbol: HardFault_Handler
   Definitions
      At line 195 in file startup\startup_stm32f30x.s
   Uses
      At line 69 in file startup\startup_stm32f30x.s
      At line 196 in file startup\startup_stm32f30x.s

I2C1_ER_IRQHandler 00000020

Symbol: I2C1_ER_IRQHandler
   Definitions
      At line 333 in file startup\startup_stm32f30x.s
   Uses
      At line 116 in file startup\startup_stm32f30x.s
      At line 266 in file startup\startup_stm32f30x.s

I2C1_EV_IRQHandler 00000020

Symbol: I2C1_EV_IRQHandler
   Definitions
      At line 332 in file startup\startup_stm32f30x.s
   Uses
      At line 115 in file startup\startup_stm32f30x.s
      At line 265 in file startup\startup_stm32f30x.s

I2C2_ER_IRQHandler 00000020

Symbol: I2C2_ER_IRQHandler
   Definitions
      At line 335 in file startup\startup_stm32f30x.s
   Uses
      At line 118 in file startup\startup_stm32f30x.s
      At line 268 in file startup\startup_stm32f30x.s

I2C2_EV_IRQHandler 00000020

Symbol: I2C2_EV_IRQHandler
   Definitions
      At line 334 in file startup\startup_stm32f30x.s
   Uses
      At line 117 in file startup\startup_stm32f30x.s
      At line 267 in file startup\startup_stm32f30x.s

MemManage_Handler 00000012

Symbol: MemManage_Handler
   Definitions
      At line 200 in file startup\startup_stm32f30x.s
   Uses
      At line 70 in file startup\startup_stm32f30x.s
      At line 201 in file startup\startup_stm32f30x.s

NMI_Handler 0000000E

Symbol: NMI_Handler
   Definitions
      At line 190 in file startup\startup_stm32f30x.s



ARM Macro Assembler    Page 7 Alphabetic symbol ordering
Relocatable symbols

   Uses
      At line 68 in file startup\startup_stm32f30x.s
      At line 191 in file startup\startup_stm32f30x.s

PVD_IRQHandler 00000020

Symbol: PVD_IRQHandler
   Definitions
      At line 302 in file startup\startup_stm32f30x.s
   Uses
      At line 85 in file startup\startup_stm32f30x.s
      At line 235 in file startup\startup_stm32f30x.s

PendSV_Handler 0000001C

Symbol: PendSV_Handler
   Definitions
      At line 223 in file startup\startup_stm32f30x.s
   Uses
      At line 80 in file startup\startup_stm32f30x.s
      At line 224 in file startup\startup_stm32f30x.s

RCC_IRQHandler 00000020

Symbol: RCC_IRQHandler
   Definitions
      At line 306 in file startup\startup_stm32f30x.s
   Uses
      At line 89 in file startup\startup_stm32f30x.s
      At line 239 in file startup\startup_stm32f30x.s

RTC_Alarm_IRQHandler 00000020

Symbol: RTC_Alarm_IRQHandler
   Definitions
      At line 342 in file startup\startup_stm32f30x.s
   Uses
      At line 125 in file startup\startup_stm32f30x.s
      At line 275 in file startup\startup_stm32f30x.s

RTC_WKUP_IRQHandler 00000020

Symbol: RTC_WKUP_IRQHandler
   Definitions
      At line 304 in file startup\startup_stm32f30x.s
   Uses
      At line 87 in file startup\startup_stm32f30x.s
      At line 237 in file startup\startup_stm32f30x.s

Reset_Handler 00000000

Symbol: Reset_Handler
   Definitions
      At line 174 in file startup\startup_stm32f30x.s
   Uses
      At line 67 in file startup\startup_stm32f30x.s
      At line 175 in file startup\startup_stm32f30x.s

SPI1_IRQHandler 00000020



ARM Macro Assembler    Page 8 Alphabetic symbol ordering
Relocatable symbols


Symbol: SPI1_IRQHandler
   Definitions
      At line 336 in file startup\startup_stm32f30x.s
   Uses
      At line 119 in file startup\startup_stm32f30x.s
      At line 269 in file startup\startup_stm32f30x.s

SPI2_IRQHandler 00000020

Symbol: SPI2_IRQHandler
   Definitions
      At line 337 in file startup\startup_stm32f30x.s
   Uses
      At line 120 in file startup\startup_stm32f30x.s
      At line 270 in file startup\startup_stm32f30x.s

SPI3_IRQHandler 00000020

Symbol: SPI3_IRQHandler
   Definitions
      At line 349 in file startup\startup_stm32f30x.s
   Uses
      At line 135 in file startup\startup_stm32f30x.s
      At line 282 in file startup\startup_stm32f30x.s

SVC_Handler 00000018

Symbol: SVC_Handler
   Definitions
      At line 214 in file startup\startup_stm32f30x.s
   Uses
      At line 77 in file startup\startup_stm32f30x.s
      At line 215 in file startup\startup_stm32f30x.s

SysTick_Handler 0000001E

Symbol: SysTick_Handler
   Definitions
      At line 227 in file startup\startup_stm32f30x.s
   Uses
      At line 81 in file startup\startup_stm32f30x.s
      At line 228 in file startup\startup_stm32f30x.s

TAMPER_STAMP_IRQHandler 00000020

Symbol: TAMPER_STAMP_IRQHandler
   Definitions
      At line 303 in file startup\startup_stm32f30x.s
   Uses
      At line 86 in file startup\startup_stm32f30x.s
      At line 236 in file startup\startup_stm32f30x.s

TIM1_BRK_TIM15_IRQHandler 00000020

Symbol: TIM1_BRK_TIM15_IRQHandler
   Definitions
      At line 325 in file startup\startup_stm32f30x.s
   Uses



ARM Macro Assembler    Page 9 Alphabetic symbol ordering
Relocatable symbols

      At line 108 in file startup\startup_stm32f30x.s
      At line 258 in file startup\startup_stm32f30x.s

TIM1_CC_IRQHandler 00000020

Symbol: TIM1_CC_IRQHandler
   Definitions
      At line 328 in file startup\startup_stm32f30x.s
   Uses
      At line 111 in file startup\startup_stm32f30x.s
      At line 261 in file startup\startup_stm32f30x.s

TIM1_TRG_COM_TIM17_IRQHandler 00000020

Symbol: TIM1_TRG_COM_TIM17_IRQHandler
   Definitions
      At line 327 in file startup\startup_stm32f30x.s
   Uses
      At line 110 in file startup\startup_stm32f30x.s
      At line 260 in file startup\startup_stm32f30x.s

TIM1_UP_TIM16_IRQHandler 00000020

Symbol: TIM1_UP_TIM16_IRQHandler
   Definitions
      At line 326 in file startup\startup_stm32f30x.s
   Uses
      At line 109 in file startup\startup_stm32f30x.s
      At line 259 in file startup\startup_stm32f30x.s

TIM2_IRQHandler 00000020

Symbol: TIM2_IRQHandler
   Definitions
      At line 329 in file startup\startup_stm32f30x.s
   Uses
      At line 112 in file startup\startup_stm32f30x.s
      At line 262 in file startup\startup_stm32f30x.s

TIM3_IRQHandler 00000020

Symbol: TIM3_IRQHandler
   Definitions
      At line 330 in file startup\startup_stm32f30x.s
   Uses
      At line 113 in file startup\startup_stm32f30x.s
      At line 263 in file startup\startup_stm32f30x.s

TIM4_IRQHandler 00000020

Symbol: TIM4_IRQHandler
   Definitions
      At line 331 in file startup\startup_stm32f30x.s
   Uses
      At line 114 in file startup\startup_stm32f30x.s
      At line 264 in file startup\startup_stm32f30x.s

TIM6_DAC_IRQHandler 00000020




ARM Macro Assembler    Page 10 Alphabetic symbol ordering
Relocatable symbols

Symbol: TIM6_DAC_IRQHandler
   Definitions
      At line 352 in file startup\startup_stm32f30x.s
   Uses
      At line 138 in file startup\startup_stm32f30x.s
      At line 285 in file startup\startup_stm32f30x.s

TIM7_IRQHandler 00000020

Symbol: TIM7_IRQHandler
   Definitions
      At line 353 in file startup\startup_stm32f30x.s
   Uses
      At line 139 in file startup\startup_stm32f30x.s
      At line 286 in file startup\startup_stm32f30x.s

TIM8_BRK_IRQHandler 00000020

Symbol: TIM8_BRK_IRQHandler
   Definitions
      At line 344 in file startup\startup_stm32f30x.s
   Uses
      At line 127 in file startup\startup_stm32f30x.s
      At line 277 in file startup\startup_stm32f30x.s

TIM8_CC_IRQHandler 00000020

Symbol: TIM8_CC_IRQHandler
   Definitions
      At line 347 in file startup\startup_stm32f30x.s
   Uses
      At line 130 in file startup\startup_stm32f30x.s
      At line 280 in file startup\startup_stm32f30x.s

TIM8_TRG_COM_IRQHandler 00000020

Symbol: TIM8_TRG_COM_IRQHandler
   Definitions
      At line 346 in file startup\startup_stm32f30x.s
   Uses
      At line 129 in file startup\startup_stm32f30x.s
      At line 279 in file startup\startup_stm32f30x.s

TIM8_UP_IRQHandler 00000020

Symbol: TIM8_UP_IRQHandler
   Definitions
      At line 345 in file startup\startup_stm32f30x.s
   Uses
      At line 128 in file startup\startup_stm32f30x.s
      At line 278 in file startup\startup_stm32f30x.s

UART4_IRQHandler 00000020

Symbol: UART4_IRQHandler
   Definitions
      At line 350 in file startup\startup_stm32f30x.s
   Uses
      At line 136 in file startup\startup_stm32f30x.s



ARM Macro Assembler    Page 11 Alphabetic symbol ordering
Relocatable symbols

      At line 283 in file startup\startup_stm32f30x.s

UART5_IRQHandler 00000020

Symbol: UART5_IRQHandler
   Definitions
      At line 351 in file startup\startup_stm32f30x.s
   Uses
      At line 137 in file startup\startup_stm32f30x.s
      At line 284 in file startup\startup_stm32f30x.s

USART1_IRQHandler 00000020

Symbol: USART1_IRQHandler
   Definitions
      At line 338 in file startup\startup_stm32f30x.s
   Uses
      At line 121 in file startup\startup_stm32f30x.s
      At line 271 in file startup\startup_stm32f30x.s

USART2_IRQHandler 00000020

Symbol: USART2_IRQHandler
   Definitions
      At line 339 in file startup\startup_stm32f30x.s
   Uses
      At line 122 in file startup\startup_stm32f30x.s
      At line 272 in file startup\startup_stm32f30x.s

USART3_IRQHandler 00000020

Symbol: USART3_IRQHandler
   Definitions
      At line 340 in file startup\startup_stm32f30x.s
   Uses
      At line 123 in file startup\startup_stm32f30x.s
      At line 273 in file startup\startup_stm32f30x.s

USBWakeUp_IRQHandler 00000020

Symbol: USBWakeUp_IRQHandler
   Definitions
      At line 343 in file startup\startup_stm32f30x.s
   Uses
      At line 126 in file startup\startup_stm32f30x.s
      At line 276 in file startup\startup_stm32f30x.s

USBWakeUp_RMP_IRQHandler 00000020

Symbol: USBWakeUp_RMP_IRQHandler
   Definitions
      At line 365 in file startup\startup_stm32f30x.s
   Uses
      At line 160 in file startup\startup_stm32f30x.s
      At line 298 in file startup\startup_stm32f30x.s

USB_HP_CAN1_TX_IRQHandler 00000020

Symbol: USB_HP_CAN1_TX_IRQHandler



ARM Macro Assembler    Page 12 Alphabetic symbol ordering
Relocatable symbols

   Definitions
      At line 320 in file startup\startup_stm32f30x.s
   Uses
      At line 103 in file startup\startup_stm32f30x.s
      At line 253 in file startup\startup_stm32f30x.s

USB_HP_IRQHandler 00000020

Symbol: USB_HP_IRQHandler
   Definitions
      At line 363 in file startup\startup_stm32f30x.s
   Uses
      At line 158 in file startup\startup_stm32f30x.s
      At line 296 in file startup\startup_stm32f30x.s

USB_LP_CAN1_RX0_IRQHandler 00000020

Symbol: USB_LP_CAN1_RX0_IRQHandler
   Definitions
      At line 321 in file startup\startup_stm32f30x.s
   Uses
      At line 104 in file startup\startup_stm32f30x.s
      At line 254 in file startup\startup_stm32f30x.s

USB_LP_IRQHandler 00000020

Symbol: USB_LP_IRQHandler
   Definitions
      At line 364 in file startup\startup_stm32f30x.s
   Uses
      At line 159 in file startup\startup_stm32f30x.s
      At line 297 in file startup\startup_stm32f30x.s

UsageFault_Handler 00000016

Symbol: UsageFault_Handler
   Definitions
      At line 210 in file startup\startup_stm32f30x.s
   Uses
      At line 72 in file startup\startup_stm32f30x.s
      At line 211 in file startup\startup_stm32f30x.s

WWDG_IRQHandler 00000020

Symbol: WWDG_IRQHandler
   Definitions
      At line 301 in file startup\startup_stm32f30x.s
   Uses
      At line 84 in file startup\startup_stm32f30x.s
      At line 234 in file startup\startup_stm32f30x.s

__user_initial_stackheap 00000024

Symbol: __user_initial_stackheap
   Definitions
      At line 388 in file startup\startup_stm32f30x.s
   Uses
      At line 386 in file startup\startup_stm32f30x.s
Comment: __user_initial_stackheap used once



ARM Macro Assembler    Page 13 Alphabetic symbol ordering
Relocatable symbols

79 symbols



ARM Macro Assembler    Page 1 Alphabetic symbol ordering
Absolute symbols

Heap_Size 00000C00

Symbol: Heap_Size
   Definitions
      At line 49 in file startup\startup_stm32f30x.s
   Uses
      At line 53 in file startup\startup_stm32f30x.s
      At line 392 in file startup\startup_stm32f30x.s

Stack_Size 00000C00

Symbol: Stack_Size
   Definitions
      At line 38 in file startup\startup_stm32f30x.s
   Uses
      At line 41 in file startup\startup_stm32f30x.s
      At line 391 in file startup\startup_stm32f30x.s

__Vectors_Size 00000188

Symbol: __Vectors_Size
   Definitions
      At line 169 in file startup\startup_stm32f30x.s
   Uses
      At line 64 in file startup\startup_stm32f30x.s
Comment: __Vectors_Size used once
3 symbols



ARM Macro Assembler    Page 1 Alphabetic symbol ordering
External symbols

__main 00000000

Symbol: __main
   Definitions
      At line 177 in file startup\startup_stm32f30x.s
   Uses
      At line 184 in file startup\startup_stm32f30x.s
Comment: __main used once
__use_two_region_memory 00000000

Symbol: __use_two_region_memory
   Definitions
      At line 385 in file startup\startup_stm32f30x.s
   Uses
      None
Comment: __use_two_region_memory unused
2 symbols
431 symbols in table
